This is pdfTeX, Version 3.14159265-2.6-1.40.20 (TeX Live 2019) (preloaded format=pdflatex 2019.10.18)  22 NOV 2020 14:15
entering extended mode
 restricted \write18 enabled.
 %&-line parsing enabled.
**combine_standard_plots.tex
(./combine_standard_plots.tex
LaTeX2e <2019-10-01> patch level 1
(/share/software/user/open/texlive/2019/texmf-dist/tex/latex/base/article.cls
Document Class: article 2019/08/27 v1.4j Standard LaTeX document class
(/share/software/user/open/texlive/2019/texmf-dist/tex/latex/base/size10.clo
File: size10.clo 2019/08/27 v1.4j Standard LaTeX file (size option)
)
\c@part=\count80
\c@section=\count81
\c@subsection=\count82
\c@subsubsection=\count83
\c@paragraph=\count84
\c@subparagraph=\count85
\c@figure=\count86
\c@table=\count87
\abovecaptionskip=\skip41
\belowcaptionskip=\skip42
\bibindent=\dimen102
)
(/share/software/user/open/texlive/2019/texmf-dist/tex/latex/listings/listings.
sty
(/share/software/user/open/texlive/2019/texmf-dist/tex/latex/graphics/keyval.st
y
Package: keyval 2014/10/28 v1.15 key=value parser (DPC)
\KV@toks@=\toks14
)
\lst@mode=\count88
\lst@gtempboxa=\box27
\lst@token=\toks15
\lst@length=\count89
\lst@currlwidth=\dimen103
\lst@column=\count90
\lst@pos=\count91
\lst@lostspace=\dimen104
\lst@width=\dimen105
\lst@newlines=\count92
\lst@lineno=\count93
\lst@maxwidth=\dimen106

(/share/software/user/open/texlive/2019/texmf-dist/tex/latex/listings/lstmisc.s
ty
File: lstmisc.sty 2019/09/10 1.8c (Carsten Heinz)
\c@lstnumber=\count94
\lst@skipnumbers=\count95
\lst@framebox=\box28
)
(/share/software/user/open/texlive/2019/texmf-dist/tex/latex/listings/listings.
cfg
File: listings.cfg 2019/09/10 1.8c listings configuration
))
Package: listings 2019/09/10 1.8c (Carsten Heinz)

(/share/software/user/open/texlive/2019/texmf-dist/tex/latex/pdfpages/pdfpages.
sty
Package: pdfpages 2019/09/21 v0.5n Insert pages of external PDF documents (AM)

(/share/software/user/open/texlive/2019/texmf-dist/tex/latex/base/ifthen.sty
Package: ifthen 2014/09/29 v1.1c Standard LaTeX ifthen package (DPC)
)
(/share/software/user/open/texlive/2019/texmf-dist/tex/latex/tools/calc.sty
Package: calc 2017/05/25 v4.3 Infix arithmetic (KKT,FJ)
\calc@Acount=\count96
\calc@Bcount=\count97
\calc@Adimen=\dimen107
\calc@Bdimen=\dimen108
\calc@Askip=\skip43
\calc@Bskip=\skip44
LaTeX Info: Redefining \setlength on input line 80.
LaTeX Info: Redefining \addtolength on input line 81.
\calc@Ccount=\count98
\calc@Cskip=\skip45
)
(/share/software/user/open/texlive/2019/texmf-dist/tex/latex/eso-pic/eso-pic.st
y
Package: eso-pic 2018/04/12 v2.0h eso-pic (RN)

(/share/software/user/open/texlive/2019/texmf-dist/tex/generic/oberdiek/atbegsh
i.sty
Package: atbegshi 2016/06/09 v1.18 At begin shipout hook (HO)

(/share/software/user/open/texlive/2019/texmf-dist/tex/generic/oberdiek/infware
rr.sty
Package: infwarerr 2016/05/16 v1.4 Providing info/warning/error messages (HO)
)
(/share/software/user/open/texlive/2019/texmf-dist/tex/generic/oberdiek/ltxcmds
.sty
Package: ltxcmds 2016/05/16 v1.23 LaTeX kernel commands for general use (HO)
)
(/share/software/user/open/texlive/2019/texmf-dist/tex/generic/oberdiek/ifpdf.s
ty
Package: ifpdf 2018/09/07 v3.3 Provides the ifpdf switch
))
(/share/software/user/open/texlive/2019/texmf-dist/tex/latex/xcolor/xcolor.sty
Package: xcolor 2016/05/11 v2.12 LaTeX color extensions (UK)

(/share/software/user/open/texlive/2019/texmf-dist/tex/latex/graphics-cfg/color
.cfg
File: color.cfg 2016/01/02 v1.6 sample color configuration
)
Package xcolor Info: Driver file: pdftex.def on input line 225.

(/share/software/user/open/texlive/2019/texmf-dist/tex/latex/graphics-def/pdfte
x.def
File: pdftex.def 2018/01/08 v1.0l Graphics/color driver for pdftex
)
Package xcolor Info: Model `cmy' substituted by `cmy0' on input line 1348.
Package xcolor Info: Model `hsb' substituted by `rgb' on input line 1352.
Package xcolor Info: Model `RGB' extended on input line 1364.
Package xcolor Info: Model `HTML' substituted by `rgb' on input line 1366.
Package xcolor Info: Model `Hsb' substituted by `hsb' on input line 1367.
Package xcolor Info: Model `tHsb' substituted by `hsb' on input line 1368.
Package xcolor Info: Model `HSB' substituted by `hsb' on input line 1369.
Package xcolor Info: Model `Gray' substituted by `gray' on input line 1370.
Package xcolor Info: Model `wave' substituted by `hsb' on input line 1371.
))
(/share/software/user/open/texlive/2019/texmf-dist/tex/latex/graphics/graphicx.
sty
Package: graphicx 2017/06/01 v1.1a Enhanced LaTeX Graphics (DPC,SPQR)

(/share/software/user/open/texlive/2019/texmf-dist/tex/latex/graphics/graphics.
sty
Package: graphics 2019/10/08 v1.3c Standard LaTeX Graphics (DPC,SPQR)

(/share/software/user/open/texlive/2019/texmf-dist/tex/latex/graphics/trig.sty
Package: trig 2016/01/03 v1.10 sin cos tan (DPC)
)
(/share/software/user/open/texlive/2019/texmf-dist/tex/latex/graphics-cfg/graph
ics.cfg
File: graphics.cfg 2016/06/04 v1.11 sample graphics configuration
)
Package graphics Info: Driver file: pdftex.def on input line 105.
)
\Gin@req@height=\dimen109
\Gin@req@width=\dimen110
)
\AM@pagewidth=\dimen111
\AM@pageheight=\dimen112

(/share/software/user/open/texlive/2019/texmf-dist/tex/latex/pdfpages/pppdftex.
def
File: pppdftex.def 2019/09/21 v0.5n Pdfpages driver for pdfTeX (AM)
)
\AM@pagebox=\box29
\AM@global@opts=\toks16
\AM@toc@title=\toks17
\c@AM@survey=\count99
\AM@templatesizebox=\box30
)
(/share/software/user/open/texlive/2019/texmf-dist/tex/latex/subfig/subfig.sty
Package: subfig 2005/06/28 ver: 1.3 subfig package

(/share/software/user/open/texlive/2019/texmf-dist/tex/latex/caption/caption.st
y
Package: caption 2019/09/01 v3.3d Customizing captions (AR)

(/share/software/user/open/texlive/2019/texmf-dist/tex/latex/caption/caption3.s
ty
Package: caption3 2019/09/01 v1.8d caption3 kernel (AR)
Package caption3 Info: TeX engine: e-TeX on input line 64.
\captionmargin=\dimen113
\captionmargin@=\dimen114
\captionwidth=\dimen115
\caption@tempdima=\dimen116
\caption@indent=\dimen117
\caption@parindent=\dimen118
\caption@hangindent=\dimen119
)
\c@caption@flags=\count100
\c@ContinuedFloat=\count101
Package caption Info: listings package is loaded.
)
\c@KVtest=\count102
\sf@farskip=\skip46
\sf@captopadj=\dimen120
\sf@capskip=\skip47
\sf@nearskip=\skip48
\c@subfigure=\count103
\c@subfigure@save=\count104
\c@lofdepth=\count105
\c@subtable=\count106
\c@subtable@save=\count107
\c@lotdepth=\count108
\sf@top=\skip49
\sf@bottom=\skip50
)
(/share/software/user/open/texlive/2019/texmf-dist/tex/latex/graphics/lscape.st
y
Package: lscape 2000/10/22 v3.01 Landscape Pages (DPC)
)
(/share/software/user/open/texlive/2019/texmf-dist/tex/latex/geometry/geometry.
sty
Package: geometry 2018/04/16 v5.8 Page Geometry

(/share/software/user/open/texlive/2019/texmf-dist/tex/generic/oberdiek/ifvtex.
sty
Package: ifvtex 2016/05/16 v1.6 Detect VTeX and its facilities (HO)
Package ifvtex Info: VTeX not detected.
)
(/share/software/user/open/texlive/2019/texmf-dist/tex/generic/ifxetex/ifxetex.
sty
Package: ifxetex 2010/09/12 v0.6 Provides ifxetex conditional
)
\Gm@cnth=\count109
\Gm@cntv=\count110
\c@Gm@tempcnt=\count111
\Gm@bindingoffset=\dimen121
\Gm@wd@mp=\dimen122
\Gm@odd@mp=\dimen123
\Gm@even@mp=\dimen124
\Gm@layoutwidth=\dimen125
\Gm@layoutheight=\dimen126
\Gm@layouthoffset=\dimen127
\Gm@layoutvoffset=\dimen128
\Gm@dimlist=\toks18


Package geometry Warning: `lmargin' and `rmargin' result in NEGATIVE (-269.7321
2pt).
    `width' should be shortened in length.

) (./combine_standard_plots.aux

LaTeX Warning: Label `fig:example' multiply defined.


LaTeX Warning: Label `fig:example' multiply defined.


LaTeX Warning: Label `fig:example' multiply defined.


LaTeX Warning: Label `fig:example' multiply defined.


LaTeX Warning: Label `fig:example' multiply defined.


LaTeX Warning: Label `fig:example' multiply defined.


LaTeX Warning: Label `fig:example' multiply defined.

)
\openout1 = `combine_standard_plots.aux'.

LaTeX Font Info:    Checking defaults for OML/cmm/m/it on input line 23.
LaTeX Font Info:    ... okay on input line 23.
LaTeX Font Info:    Checking defaults for T1/cmr/m/n on input line 23.
LaTeX Font Info:    ... okay on input line 23.
LaTeX Font Info:    Checking defaults for OT1/cmr/m/n on input line 23.
LaTeX Font Info:    ... okay on input line 23.
LaTeX Font Info:    Checking defaults for OMS/cmsy/m/n on input line 23.
LaTeX Font Info:    ... okay on input line 23.
LaTeX Font Info:    Checking defaults for OMX/cmex/m/n on input line 23.
LaTeX Font Info:    ... okay on input line 23.
LaTeX Font Info:    Checking defaults for U/cmr/m/n on input line 23.
LaTeX Font Info:    ... okay on input line 23.
\c@lstlisting=\count112
\AtBeginShipoutBox=\box31

(/share/software/user/open/texlive/2019/texmf-dist/tex/context/base/mkii/supp-p
df.mkii
[Loading MPS to PDF converter (version 2006.09.02).]
\scratchcounter=\count113
\scratchdimen=\dimen129
\scratchbox=\box32
\nofMPsegments=\count114
\nofMParguments=\count115
\everyMPshowfont=\toks19
\MPscratchCnt=\count116
\MPscratchDim=\dimen130
\MPnumerator=\count117
\makeMPintoPDFobject=\count118
\everyMPtoPDFconversion=\toks20
)
(/share/software/user/open/texlive/2019/texmf-dist/tex/latex/oberdiek/epstopdf-
base.sty
Package: epstopdf-base 2016/05/15 v2.6 Base part for package epstopdf

(/share/software/user/open/texlive/2019/texmf-dist/tex/latex/oberdiek/grfext.st
y
Package: grfext 2016/05/16 v1.2 Manage graphics extensions (HO)

(/share/software/user/open/texlive/2019/texmf-dist/tex/generic/oberdiek/kvdefin
ekeys.sty
Package: kvdefinekeys 2016/05/16 v1.4 Define keys (HO)
))
(/share/software/user/open/texlive/2019/texmf-dist/tex/latex/oberdiek/kvoptions
.sty
Package: kvoptions 2016/05/16 v3.12 Key value format for package options (HO)

(/share/software/user/open/texlive/2019/texmf-dist/tex/generic/oberdiek/kvsetke
ys.sty
Package: kvsetkeys 2016/05/16 v1.17 Key value parser (HO)

(/share/software/user/open/texlive/2019/texmf-dist/tex/generic/oberdiek/etexcmd
s.sty
Package: etexcmds 2016/05/16 v1.6 Avoid name clashes with e-TeX commands (HO)

(/share/software/user/open/texlive/2019/texmf-dist/tex/generic/oberdiek/ifluate
x.sty
Package: ifluatex 2016/05/16 v1.4 Provides the ifluatex switch (HO)
Package ifluatex Info: LuaTeX not detected.
))))
(/share/software/user/open/texlive/2019/texmf-dist/tex/generic/oberdiek/pdftexc
mds.sty
Package: pdftexcmds 2019/07/25 v0.30 Utility functions of pdfTeX for LuaTeX (HO
)
Package pdftexcmds Info: LuaTeX not detected.
Package pdftexcmds Info: \pdf@primitive is available.
Package pdftexcmds Info: \pdf@ifprimitive is available.
Package pdftexcmds Info: \pdfdraftmode found.
)
Package epstopdf-base Info: Redefining graphics rule for `.eps' on input line 4
38.
Package grfext Info: Graphics extension search list:
(grfext)             [.pdf,.png,.jpg,.mps,.jpeg,.jbig2,.jb2,.PDF,.PNG,.JPG,.JPE
G,.JBIG2,.JB2,.eps]
(grfext)             \AppendGraphicsExtensions on input line 456.

(/share/software/user/open/texlive/2019/texmf-dist/tex/latex/latexconfig/epstop
df-sys.cfg
File: epstopdf-sys.cfg 2010/07/13 v1.3 Configuration of (r)epstopdf for TeX Liv
e
))
(/share/software/user/open/texlive/2019/texmf-dist/tex/latex/oberdiek/pdflscape
.sty
Package: pdflscape 2016/05/14 v0.11 Display of landscape pages in PDF (HO)
Package pdflscape Info: Auto-detected driver: pdftex on input line 81.
)
Package caption Info: Begin \AtBeginDocument code.
Package caption Info: subfig package v1.3 is loaded.
Package caption Info: End \AtBeginDocument code.

*geometry* driver: auto-detecting
*geometry* detected driver: pdftex
*geometry* verbose mode - [ preamble ] result:
* driver: pdftex
* paper: a4paper
* layout: <same size as paper>
* layoutoffset:(h,v)=(0.0pt,0.0pt)
* modes: 
* h-part:(L,W,R)=(-134.86606pt, 867.23999pt, -134.86606pt)
* v-part:(T,H,B)=(106.75473pt, 578.15999pt, 160.13213pt)
* \paperwidth=597.50787pt
* \paperheight=845.04684pt
* \textwidth=867.23999pt
* \textheight=578.15999pt
* \oddsidemargin=-207.13605pt
* \evensidemargin=-207.13605pt
* \topmargin=-2.51526pt
* \headheight=12.0pt
* \headsep=25.0pt
* \topskip=10.0pt
* \footskip=30.0pt
* \marginparwidth=65.0pt
* \marginparsep=11.0pt
* \columnsep=10.0pt
* \skip\footins=9.0pt plus 4.0pt minus 2.0pt
* \hoffset=0.0pt
* \voffset=0.0pt
* \mag=1000
* \@twocolumnfalse
* \@twosidefalse
* \@mparswitchfalse
* \@reversemarginfalse
* (1in=72.27pt=25.4mm, 1cm=28.453pt)

<stb_show_sorting.png, id=1, 722.7pt x 289.08pt>
File: stb_show_sorting.png Graphic file (type png)
<use stb_show_sorting.png>
Package pdftex.def Info: stb_show_sorting.png  used on input line 29.
(pdftex.def)             Requested size: 426.79134pt x 170.71892pt.
<sim_show_sorting.png, id=2, 722.7pt x 289.08pt>
File: sim_show_sorting.png Graphic file (type png)
<use sim_show_sorting.png>
Package pdftex.def Info: sim_show_sorting.png  used on input line 31.
(pdftex.def)             Requested size: 426.79134pt x 170.71892pt.
<stb_cross_viewership.png, id=3, 722.7pt x 289.08pt>
File: stb_cross_viewership.png Graphic file (type png)
<use stb_cross_viewership.png>
Package pdftex.def Info: stb_cross_viewership.png  used on input line 38.
(pdftex.def)             Requested size: 426.79134pt x 170.71892pt.
<sim_cross_viewership.png, id=4, 722.7pt x 289.08pt>
File: sim_cross_viewership.png Graphic file (type png)
<use sim_cross_viewership.png>
Package pdftex.def Info: sim_cross_viewership.png  used on input line 40.
(pdftex.def)             Requested size: 426.79134pt x 170.71892pt.
<stb_lorenz_plot.pdf, id=5, 722.7pt x 289.08pt>
File: stb_lorenz_plot.pdf Graphic file (type pdf)
<use stb_lorenz_plot.pdf>
Package pdftex.def Info: stb_lorenz_plot.pdf  used on input line 47.
(pdftex.def)             Requested size: 426.79134pt x 170.71892pt.
<sim_lorenz_plot.png, id=6, 722.7pt x 289.08pt>
File: sim_lorenz_plot.png Graphic file (type png)
<use sim_lorenz_plot.png>
Package pdftex.def Info: sim_lorenz_plot.png  used on input line 49.
(pdftex.def)             Requested size: 426.79134pt x 170.71892pt.
<nielsen_daily_rating_max.png, id=7, 722.7pt x 289.08pt>
File: nielsen_daily_rating_max.png Graphic file (type png)
<use nielsen_daily_rating_max.png>
Package pdftex.def Info: nielsen_daily_rating_max.png  used on input line 57.
(pdftex.def)             Requested size: 426.79134pt x 170.71892pt.
<sim_daily_rating_max.png, id=8, 722.7pt x 289.08pt>
File: sim_daily_rating_max.png Graphic file (type png)
<use sim_daily_rating_max.png>
Package pdftex.def Info: sim_daily_rating_max.png  used on input line 62.
(pdftex.def)             Requested size: 426.79134pt x 170.71892pt.
<stb_daily_pct_watched.png, id=9, 722.7pt x 289.08pt>
File: stb_daily_pct_watched.png Graphic file (type png)
<use stb_daily_pct_watched.png>
Package pdftex.def Info: stb_daily_pct_watched.png  used on input line 83.
(pdftex.def)             Requested size: 426.79134pt x 170.71892pt.
<sim_daily_pct_watched.png, id=10, 722.7pt x 289.08pt>
File: sim_daily_pct_watched.png Graphic file (type png)
<use sim_daily_pct_watched.png>
Package pdftex.def Info: sim_daily_pct_watched.png  used on input line 87.
(pdftex.def)             Requested size: 426.79134pt x 170.71892pt.
<stb_daily_avg_mins.png, id=11, 722.7pt x 289.08pt>
File: stb_daily_avg_mins.png Graphic file (type png)
<use stb_daily_avg_mins.png>
Package pdftex.def Info: stb_daily_avg_mins.png  used on input line 116.
(pdftex.def)             Requested size: 426.79134pt x 170.71892pt.
<sim_daily_avg_mins.png, id=12, 722.7pt x 289.08pt>
File: sim_daily_avg_mins.png Graphic file (type png)
<use sim_daily_avg_mins.png>
Package pdftex.def Info: sim_daily_avg_mins.png  used on input line 118.
(pdftex.def)             Requested size: 426.79134pt x 170.71892pt.
<nielsen_daily_avg_mins.png, id=13, 722.7pt x 289.08pt>
File: nielsen_daily_avg_mins.png Graphic file (type png)
<use nielsen_daily_avg_mins.png>
Package pdftex.def Info: nielsen_daily_avg_mins.png  used on input line 125.
(pdftex.def)             Requested size: 426.79134pt x 170.71892pt.
<sim_daily_avg_mins_natl.png, id=14, 722.7pt x 289.08pt>
File: sim_daily_avg_mins_natl.png Graphic file (type png)
<use sim_daily_avg_mins_natl.png>
Package pdftex.def Info: sim_daily_avg_mins_natl.png  used on input line 127.
(pdftex.def)             Requested size: 426.79134pt x 170.71892pt.
<stb_daily_avg_mins_party.png, id=15, 722.7pt x 289.08pt>
File: stb_daily_avg_mins_party.png Graphic file (type png)
<use stb_daily_avg_mins_party.png>
Package pdftex.def Info: stb_daily_avg_mins_party.png  used on input line 148.
(pdftex.def)             Requested size: 426.79134pt x 170.71892pt.
<sim_daily_avg_mins_party.png, id=16, 722.7pt x 289.08pt>
File: sim_daily_avg_mins_party.png Graphic file (type png)
<use sim_daily_avg_mins_party.png>
Package pdftex.def Info: sim_daily_avg_mins_party.png  used on input line 150.
(pdftex.def)             Requested size: 426.79134pt x 170.71892pt.
[1{/home/users/mlinegar/.texlive2019/texmf-var/fonts/map/pdftex/updmap/pdftex.m
ap} <./stb_show_sorting.png (PNG copy)> <./sim_show_sorting.png (PNG copy)>]
[2 <./stb_cross_viewership.png> <./sim_cross_viewership.png>] [3 <./stb_lorenz_
plot.pdf> <./sim_lorenz_plot.png (PNG copy)>] [4 <./nielsen_daily_rating_max.pn
g (PNG copy)> <./sim_daily_rating_max.png (PNG copy)>] [5 <./stb_daily_pct_watc
hed.png (PNG copy)> <./sim_daily_pct_watched.png (PNG copy)>] [6 <./stb_daily_a
vg_mins.png (PNG copy)> <./sim_daily_avg_mins.png (PNG copy)>] [7 <./nielsen_da
ily_avg_mins.png (PNG copy)> <./sim_daily_avg_mins_natl.png (PNG copy)>]
[8 <./stb_daily_avg_mins_party.png (PNG copy)> <./sim_daily_avg_mins_party.png 
(PNG copy)>] (./combine_standard_plots.aux)

LaTeX Warning: There were multiply-defined labels.

 ) 
Here is how much of TeX's memory you used:
 5958 strings out of 492167
 93173 string characters out of 6118278
 174635 words of memory out of 5000000
 10273 multiletter control sequences out of 15000+600000
 3939 words of font info for 15 fonts, out of 8000000 for 9000
 1141 hyphenation exceptions out of 8191
 47i,10n,49p,289b,384s stack positions out of 5000i,500n,10000p,200000b,80000s
</share/software/user/open/texlive/2019/texmf-dist/fonts/type1/public/amsfont
s/cm/cmr10.pfb></share/software/user/open/texlive/2019/texmf-dist/fonts/type1/p
ublic/amsfonts/cm/cmr8.pfb>
Output written on combine_standard_plots.pdf (8 pages, 2862565 bytes).
PDF statistics:
 65 PDF objects out of 1000 (max. 8388607)
 33 compressed objects within 1 object stream
 0 named destinations out of 1000 (max. 500000)
 81 words of extra memory for PDF output out of 10000 (max. 10000000)

